2023-10-29 13:30:34,002 [main] INFO nopCommereceV001_Cucumber - ****Launching Browser******
2023-10-29 13:30:34,060 [main] INFO nopCommereceV001_Cucumber - ****Opening URL******
2023-10-29 13:30:37,397 [main] INFO nopCommereceV001_Cucumber - ****Providing Login details******
2023-10-29 13:30:38,155 [main] INFO nopCommereceV001_Cucumber - ****Clicking on Login Button******
2023-10-29 13:30:52,372 [main] INFO nopCommereceV001_Cucumber - ****Searching customer by email id******
2023-10-29 13:31:00,070 [main] INFO nopCommereceV001_Cucumber - ****Launching Browser******
2023-10-29 13:31:00,072 [main] INFO nopCommereceV001_Cucumber - ****Opening URL******
2023-10-29 13:31:02,200 [main] INFO nopCommereceV001_Cucumber - ****Providing Login details******
2023-10-29 13:31:02,629 [main] INFO nopCommereceV001_Cucumber - ****Clicking on Login Button******
2023-10-29 13:31:16,831 [main] INFO nopCommereceV001_Cucumber - ****Searching customer by Name******
2023-10-29 14:21:23,028 [main] INFO nopCommereceV001_Cucumber - ****Launching Browser******
2023-10-29 14:21:23,036 [main] INFO nopCommereceV001_Cucumber - ****Opening URL******
2023-10-29 14:21:25,849 [main] INFO nopCommereceV001_Cucumber - ****Providing Login details******
2023-10-29 14:21:26,199 [main] INFO nopCommereceV001_Cucumber - ****Clicking on Login Button******
2023-10-29 14:21:39,869 [main] INFO nopCommereceV001_Cucumber - ****Searching customer by email id******
2023-10-29 14:21:50,294 [main] INFO nopCommereceV001_Cucumber - ****Launching Browser******
2023-10-29 14:21:50,297 [main] INFO nopCommereceV001_Cucumber - ****Opening URL******
2023-10-29 14:21:53,249 [main] INFO nopCommereceV001_Cucumber - ****Providing Login details******
2023-10-29 14:21:53,627 [main] INFO nopCommereceV001_Cucumber - ****Clicking on Login Button******
2023-10-29 14:22:05,978 [main] INFO nopCommereceV001_Cucumber - ****Searching customer by Name******
2023-10-29 14:22:46,340 [main] INFO nopCommereceV001_Cucumber - ****Launching Browser******
2023-10-29 14:22:46,351 [main] INFO nopCommereceV001_Cucumber - ****Opening URL******
2023-10-29 14:22:48,494 [main] INFO nopCommereceV001_Cucumber - ****Providing Login details******
2023-10-29 14:22:48,788 [main] INFO nopCommereceV001_Cucumber - ****Clicking on Login Button******
2023-10-29 14:23:04,460 [main] INFO nopCommereceV001_Cucumber - ****Searching customer by email id******
2023-10-29 14:23:14,951 [main] INFO nopCommereceV001_Cucumber - ****Launching Browser******
2023-10-29 14:23:14,955 [main] INFO nopCommereceV001_Cucumber - ****Opening URL******
2023-10-29 14:23:17,406 [main] INFO nopCommereceV001_Cucumber - ****Providing Login details******
2023-10-29 14:23:17,671 [main] INFO nopCommereceV001_Cucumber - ****Clicking on Login Button******
2023-10-29 14:23:30,633 [main] INFO nopCommereceV001_Cucumber - ****Searching customer by Name******
2023-10-29 14:28:29,495 [main] INFO nopCommereceV001_Cucumber - ****Launching Browser******
2023-10-29 14:28:29,511 [main] INFO nopCommereceV001_Cucumber - ****Opening URL******
2023-10-29 14:28:32,605 [main] INFO nopCommereceV001_Cucumber - ****Providing Login details******
2023-10-29 14:28:33,763 [main] INFO nopCommereceV001_Cucumber - ****Clicking on Login Button******
2023-10-29 14:28:47,845 [main] INFO nopCommereceV001_Cucumber - ****Searching customer by email id******
2023-10-29 14:28:57,340 [main] INFO nopCommereceV001_Cucumber - ****Launching Browser******
2023-10-29 14:28:57,342 [main] INFO nopCommereceV001_Cucumber - ****Opening URL******
2023-10-29 14:28:59,685 [main] INFO nopCommereceV001_Cucumber - ****Providing Login details******
2023-10-29 14:29:00,633 [main] INFO nopCommereceV001_Cucumber - ****Clicking on Login Button******
2023-10-29 14:29:15,062 [main] INFO nopCommereceV001_Cucumber - ****Searching customer by Name******
2023-10-29 14:32:21,697 [main] INFO nopCommereceV001_Cucumber - ****Launching Browser******
2023-10-29 14:32:21,706 [main] INFO nopCommereceV001_Cucumber - ****Opening URL******
2023-10-29 14:32:24,878 [main] INFO nopCommereceV001_Cucumber - ****Providing Login details******
2023-10-29 14:32:25,315 [main] INFO nopCommereceV001_Cucumber - ****Clicking on Login Button******
2023-10-29 14:32:37,959 [main] INFO nopCommereceV001_Cucumber - ****Searching customer by email id******
2023-10-29 14:32:45,168 [main] INFO nopCommereceV001_Cucumber - ****Browser closed******
2023-10-29 14:32:48,800 [main] INFO nopCommereceV001_Cucumber - ****Launching Browser******
2023-10-29 14:32:48,802 [main] INFO nopCommereceV001_Cucumber - ****Opening URL******
2023-10-29 14:32:51,715 [main] INFO nopCommereceV001_Cucumber - ****Providing Login details******
2023-10-29 14:32:52,020 [main] INFO nopCommereceV001_Cucumber - ****Clicking on Login Button******
2023-10-29 14:33:04,494 [main] INFO nopCommereceV001_Cucumber - ****Searching customer by Name******
2023-10-29 14:33:11,688 [main] INFO nopCommereceV001_Cucumber - ****Browser closed******
2023-10-29 14:41:13,376 [main] INFO nopCommereceV001_Cucumber - ****Launching Browser******
2023-10-29 14:41:13,397 [main] INFO nopCommereceV001_Cucumber - ****Opening URL******
2023-10-29 14:41:16,493 [main] INFO nopCommereceV001_Cucumber - ****Providing Login details******
2023-10-29 14:41:16,917 [main] INFO nopCommereceV001_Cucumber - ****Clicking on Login Button******
2023-10-29 14:41:29,378 [main] INFO nopCommereceV001_Cucumber - ****Searching customer by email id******
2023-10-29 14:41:36,673 [main] INFO nopCommereceV001_Cucumber - ****Browser closed******
2023-10-29 14:41:40,061 [main] INFO nopCommereceV001_Cucumber - ****Launching Browser******
2023-10-29 14:41:40,064 [main] INFO nopCommereceV001_Cucumber - ****Opening URL******
2023-10-29 14:41:42,984 [main] INFO nopCommereceV001_Cucumber - ****Providing Login details******
2023-10-29 14:41:43,254 [main] INFO nopCommereceV001_Cucumber - ****Clicking on Login Button******
2023-10-29 14:41:55,571 [main] INFO nopCommereceV001_Cucumber - ****Searching customer by Name******
2023-10-29 14:42:02,753 [main] INFO nopCommereceV001_Cucumber - ****Browser closed******
2023-10-29 14:43:34,222 [main] INFO nopCommereceV001_Cucumber - ****Launching Browser******
2023-10-29 14:43:34,230 [main] INFO nopCommereceV001_Cucumber - ****Opening URL******
2023-10-29 14:43:37,372 [main] INFO nopCommereceV001_Cucumber - ****Providing Login details******
2023-10-29 14:43:37,757 [main] INFO nopCommereceV001_Cucumber - ****Clicking on Login Button******
2023-10-29 14:43:49,815 [main] INFO nopCommereceV001_Cucumber - ****Searching customer by email id******
2023-10-29 14:43:57,256 [main] INFO nopCommereceV001_Cucumber - ****Browser closed******
2023-10-29 14:44:02,733 [main] INFO nopCommereceV001_Cucumber - ****Launching Browser******
2023-10-29 14:44:02,735 [main] INFO nopCommereceV001_Cucumber - ****Opening URL******
2023-10-29 14:44:05,527 [main] INFO nopCommereceV001_Cucumber - ****Providing Login details******
2023-10-29 14:44:05,789 [main] INFO nopCommereceV001_Cucumber - ****Clicking on Login Button******
2023-10-29 14:44:17,331 [main] INFO nopCommereceV001_Cucumber - ****Searching customer by Name******
2023-10-29 14:44:25,996 [main] INFO nopCommereceV001_Cucumber - ****Browser closed******
2023-10-29 14:46:35,789 [main] INFO nopCommereceV001_Cucumber - ****Launching Browser******
2023-10-29 14:46:35,797 [main] INFO nopCommereceV001_Cucumber - ****Opening URL******
2023-10-29 14:46:39,013 [main] INFO nopCommereceV001_Cucumber - ****Providing Login details******
2023-10-29 14:46:39,391 [main] INFO nopCommereceV001_Cucumber - ****Clicking on Login Button******
2023-10-29 14:46:52,121 [main] INFO nopCommereceV001_Cucumber - ****Searching customer by email id******
2023-10-29 14:47:00,745 [main] INFO nopCommereceV001_Cucumber - ****Browser closed******
2023-10-29 14:47:07,241 [main] INFO nopCommereceV001_Cucumber - ****Launching Browser******
2023-10-29 14:47:07,244 [main] INFO nopCommereceV001_Cucumber - ****Opening URL******
2023-10-29 14:47:09,897 [main] INFO nopCommereceV001_Cucumber - ****Providing Login details******
2023-10-29 14:47:10,196 [main] INFO nopCommereceV001_Cucumber - ****Clicking on Login Button******
2023-10-29 14:47:23,170 [main] INFO nopCommereceV001_Cucumber - ****Searching customer by Name******
2023-10-29 14:47:31,798 [main] INFO nopCommereceV001_Cucumber - ****Browser closed******
2023-10-29 14:48:43,632 [main] INFO nopCommereceV001_Cucumber - ****Launching Browser******
2023-10-29 14:48:43,653 [main] INFO nopCommereceV001_Cucumber - ****Opening URL******
2023-10-29 14:48:46,495 [main] INFO nopCommereceV001_Cucumber - ****Providing Login details******
2023-10-29 14:48:46,924 [main] INFO nopCommereceV001_Cucumber - ****Clicking on Login Button******
2023-10-29 14:49:00,296 [main] INFO nopCommereceV001_Cucumber - ****Searching customer by email id******
2023-10-29 14:49:11,951 [main] INFO nopCommereceV001_Cucumber - ****Browser closed******
2023-10-29 14:49:18,198 [main] INFO nopCommereceV001_Cucumber - ****Launching Browser******
2023-10-29 14:49:18,201 [main] INFO nopCommereceV001_Cucumber - ****Opening URL******
2023-10-29 14:49:20,510 [main] INFO nopCommereceV001_Cucumber - ****Providing Login details******
2023-10-29 14:49:20,877 [main] INFO nopCommereceV001_Cucumber - ****Clicking on Login Button******
2023-10-29 14:49:33,274 [main] INFO nopCommereceV001_Cucumber - ****Searching customer by Name******
2023-10-29 14:49:41,812 [main] INFO nopCommereceV001_Cucumber - ****Browser closed******
2023-10-29 14:50:50,329 [main] INFO nopCommereceV001_Cucumber - ****Launching Browser******
2023-10-29 14:50:50,340 [main] INFO nopCommereceV001_Cucumber - ****Opening URL******
2023-10-29 14:50:53,681 [main] INFO nopCommereceV001_Cucumber - ****Providing Login details******
2023-10-29 14:50:54,044 [main] INFO nopCommereceV001_Cucumber - ****Clicking on Login Button******
2023-10-29 14:51:09,356 [main] INFO nopCommereceV001_Cucumber - ****Searching customer by email id******
2023-10-29 14:51:20,979 [main] INFO nopCommereceV001_Cucumber - ****Browser closed******
2023-10-29 14:51:26,740 [main] INFO nopCommereceV001_Cucumber - ****Launching Browser******
2023-10-29 14:51:26,741 [main] INFO nopCommereceV001_Cucumber - ****Opening URL******
2023-10-29 14:51:29,722 [main] INFO nopCommereceV001_Cucumber - ****Providing Login details******
2023-10-29 14:51:30,149 [main] INFO nopCommereceV001_Cucumber - ****Clicking on Login Button******
2023-10-29 14:51:42,364 [main] INFO nopCommereceV001_Cucumber - ****Searching customer by Name******
2023-10-29 14:51:50,945 [main] INFO nopCommereceV001_Cucumber - ****Browser closed******
2023-10-29 14:54:12,965 [main] INFO nopCommereceV001_Cucumber - ****Launching Browser******
2023-10-29 14:54:12,973 [main] INFO nopCommereceV001_Cucumber - ****Opening URL******
2023-10-29 14:54:16,133 [main] INFO nopCommereceV001_Cucumber - ****Providing Login details******
2023-10-29 14:54:16,522 [main] INFO nopCommereceV001_Cucumber - ****Clicking on Login Button******
2023-10-29 14:54:28,637 [main] INFO nopCommereceV001_Cucumber - ****Searching customer by email id******
2023-10-29 14:54:42,290 [main] INFO nopCommereceV001_Cucumber - ****Browser closed******
2023-10-29 14:54:48,007 [main] INFO nopCommereceV001_Cucumber - ****Launching Browser******
2023-10-29 14:54:48,010 [main] INFO nopCommereceV001_Cucumber - ****Opening URL******
2023-10-29 14:54:51,073 [main] INFO nopCommereceV001_Cucumber - ****Providing Login details******
2023-10-29 14:54:51,243 [main] INFO nopCommereceV001_Cucumber - ****Clicking on Login Button******
2023-10-29 14:55:03,928 [main] INFO nopCommereceV001_Cucumber - ****Searching customer by Name******
2023-10-29 14:55:14,486 [main] INFO nopCommereceV001_Cucumber - ****Browser closed******
2023-10-29 15:01:21,652 [main] INFO nopCommereceV001_Cucumber - ****Launching Browser******
2023-10-29 15:01:21,673 [main] INFO nopCommereceV001_Cucumber - ****Opening URL******
2023-10-29 15:01:24,027 [main] INFO nopCommereceV001_Cucumber - ****Providing Login details******
2023-10-29 15:01:25,096 [main] INFO nopCommereceV001_Cucumber - ****Clicking on Login Button******
2023-10-29 15:01:40,450 [main] INFO nopCommereceV001_Cucumber - ****Searching customer by email id******
2023-10-29 15:01:54,062 [main] INFO nopCommereceV001_Cucumber - ****Browser closed******
2023-10-29 15:01:57,322 [main] INFO nopCommereceV001_Cucumber - ****Launching Browser******
2023-10-29 15:01:57,324 [main] INFO nopCommereceV001_Cucumber - ****Opening URL******
2023-10-29 15:01:59,724 [main] INFO nopCommereceV001_Cucumber - ****Providing Login details******
2023-10-29 15:02:00,427 [main] INFO nopCommereceV001_Cucumber - ****Clicking on Login Button******
2023-10-29 15:02:28,386 [main] INFO nopCommereceV001_Cucumber - ****Browser closed******
2023-10-29 15:02:32,078 [main] INFO nopCommereceV001_Cucumber - ****Launching Browser******
2023-10-29 15:02:32,082 [main] INFO nopCommereceV001_Cucumber - ****Opening URL******
2023-10-29 15:02:34,669 [main] INFO nopCommereceV001_Cucumber - ****Providing Login details******
2023-10-29 15:02:35,728 [main] INFO nopCommereceV001_Cucumber - ****Clicking on Login Button******
